<?xml version="1.0" encoding="UTF-8"?>
<!-- Generated by org.testng.reporters.JUnitReportReporter -->
<testsuite hostname="LAPTOP-B0QUMA6O" failures="0" tests="1" name="cucumber.CucumberRunner" time="12.886" errors="0" timestamp="2024-07-11T18:13:39 IST" skipped="0">
  <testcase classname="cucumber.CucumberRunner" name="runScenario" time="12.886"/>
</testsuite> <!-- cucumber.CucumberRunner -->
