<?xml version="1.0" encoding="UTF-8"?>
<!-- Generated by org.testng.reporters.JUnitReportReporter -->
<testsuite hostname="LAPTOP-B0QUMA6O" failures="0" tests="1" name="org.product.com.ErrorValidation" time="7.989" errors="0" timestamp="2024-07-24T11:08:22 IST" skipped="0">
  <testcase classname="org.product.com.ErrorValidation" name="loginErrorTest" time="7.989"/>
</testsuite> <!-- org.product.com.ErrorValidation -->
